07.10.2014 16:43:54> Старт сервиса
07.10.2014 16:43:54> Таймер установлен на 07.10.2014 16:45:00
07.10.2014 16:44:59> Таймер сработал
07.10.2014 16:45:00> Соединение с SQL-сервером установлено
07.10.2014 16:45:00> Начало загрузки данных по УГЭC
07.10.2014 16:45:00> Начало загрузки данных по ЦЭС
07.10.2014 16:45:00> ТМ-сервер TM-CES01\TMS подключен
07.10.2014 16:59:01> Стоп сервиса
07.10.2014 17:05:25> Старт сервиса
07.10.2014 17:05:25> Таймер установлен на 07.10.2014 17:07:00
07.10.2014 17:07:00> Таймер сработал
07.10.2014 17:07:00> Соединение с SQL-сервером установлено
07.10.2014 17:07:00> Начало загрузки данных по УГЭC
07.10.2014 17:07:00> Начало загрузки данных по ЦЭС
07.10.2014 17:07:00> ТМ-сервер TM-UGES01\TMS подключен
07.10.2014 17:07:00> ТМ-сервер TM-CES01\TMS подключен
16.10.2014 13:33:33> Старт сервиса
16.10.2014 13:33:33> Таймер установлен на 16.10.2014 13:35:00
16.10.2014 13:35:00> Таймер сработал
16.10.2014 13:35:22> Соединение с SQL-сервером установлено
16.10.2014 13:35:28> Начало загрузки данных по УГЭC
16.10.2014 13:35:28> Начало загрузки данных по ЦЭС
16.10.2014 13:35:29> ТМ-сервер TM-UGES01\TMS подключен
16.10.2014 14:51:25> ТМ-сервер TM-UGES01\TMS отсоединен
16.10.2014 14:51:25> ТМ-сервер TM-CES01\TMS подключен
16.10.2014 16:53:07> ТМ-сервер TM-CES01\TMS отсоединен
16.10.2014 16:53:07> Загрузка завершена
16.10.2014 16:53:07> Таймер установлен на 16.10.2014 17:35:00
17.10.2014 8:32:52> Таймер сработал
17.10.2014 8:32:59> Загрузка завершена
17.10.2014 8:32:59> Таймер установлен на 16.10.2014 21:35:00
22.10.2014 8:28:28> Старт сервиса
22.10.2014 8:28:29> Таймер установлен на 22.10.2014 8:30:00
22.10.2014 8:30:00> Таймер сработал
22.10.2014 8:30:23> Соединение с SQL-сервером установлено
22.10.2014 8:30:32> Начало загрузки данных по УГЭC
22.10.2014 8:30:32> Начало загрузки данных по ЦЭС
22.10.2014 8:30:32> ТМ-сервер TM-UGES01\TMS подключен
22.10.2014 9:43:51> ТМ-сервер TM-UGES01\TMS отсоединен
22.10.2014 9:43:51> ТМ-сервер TM-CES01\TMS подключен
22.10.2014 11:50:55> ТМ-сервер TM-CES01\TMS отсоединен
22.10.2014 11:50:55> Загрузка завершена
22.10.2014 11:50:55> Таймер установлен на 22.10.2014 12:30:00
22.10.2014 12:29:59> Таймер сработал
22.10.2014 12:30:00> Соединение с SQL-сервером установлено
22.10.2014 12:30:00> Начало загрузки данных по УГЭC
22.10.2014 12:30:00> Начало загрузки данных по ЦЭС
22.10.2014 12:30:00> ТМ-сервер TM-UGES01\TMS подключен
22.10.2014 13:43:14> ТМ-сервер TM-UGES01\TMS отсоединен
22.10.2014 13:43:14> ТМ-сервер TM-CES01\TMS подключен
23.10.2014 8:14:37> ТМ-сервер TM-CES01\TMS отсоединен
23.10.2014 8:14:37> Загрузка завершена
23.10.2014 8:14:37> Таймер установлен на 22.10.2014 16:30:00
23.10.2014 8:14:37> Таймер сработал
23.10.2014 8:14:38> Соединение с SQL-сервером установлено
23.10.2014 8:14:38> Начало загрузки данных по УГЭC
23.10.2014 8:14:38> Начало загрузки данных по ЦЭС
23.10.2014 8:14:38> ТМ-сервер TM-UGES01\TMS подключен
23.10.2014 9:26:47> ТМ-сервер TM-UGES01\TMS отсоединен
23.10.2014 9:26:47> ТМ-сервер TM-CES01\TMS подключен
23.10.2014 11:31:33> ТМ-сервер TM-CES01\TMS отсоединен
23.10.2014 11:31:33> Загрузка завершена
23.10.2014 11:31:33> Таймер установлен на 22.10.2014 20:30:00
23.10.2014 11:31:33> Таймер сработал
23.10.2014 11:31:33> Соединение с SQL-сервером установлено
23.10.2014 11:31:33> Начало загрузки данных по УГЭC
23.10.2014 11:31:33> Начало загрузки данных по ЦЭС
23.10.2014 11:31:55> ОШИБКА! ТМ-сервер TM-UGES01\TMS не подключен
23.10.2014 11:31:55> ТМ-сервер TM-CES01\TMS подключен
23.10.2014 13:29:50> ТМ-сервер TM-CES01\TMS отсоединен
23.10.2014 13:29:50> Загрузка завершена
23.10.2014 13:29:50> Таймер установлен на 23.10.2014 0:30:00
23.10.2014 13:29:50> Таймер сработал
23.10.2014 13:29:50> Соединение с SQL-сервером установлено
23.10.2014 13:29:51> Начало загрузки данных по УГЭC
23.10.2014 13:29:51> Начало загрузки данных по ЦЭС
23.10.2014 13:29:51> ОШИБКА! ТМ-сервер TM-UGES01\TMS не подключен
23.10.2014 13:29:51> ТМ-сервер TM-CES01\TMS подключен
23.10.2014 15:51:31> ТМ-сервер TM-CES01\TMS отсоединен
23.10.2014 15:51:31> Загрузка завершена
23.10.2014 15:51:31> Таймер установлен на 23.10.2014 4:30:00
23.10.2014 16:29:58> Таймер сработал
23.10.2014 16:29:58> Соединение с SQL-сервером установлено
23.10.2014 16:29:58> Начало загрузки данных по УГЭC
23.10.2014 16:29:58> Начало загрузки данных по ЦЭС
23.10.2014 16:29:58> ТМ-сервер TM-UGES01\TMS подключен
24.10.2014 8:18:18> ТМ-сервер TM-UGES01\TMS отсоединен
24.10.2014 8:18:18> ОШИБКА! ТМ-сервер TM-CES01\TMS не подключен
24.10.2014 8:18:18> Загрузка завершена
24.10.2014 8:18:18> Таймер установлен на 23.10.2014 8:30:00
24.10.2014 8:18:18> Таймер сработал
24.10.2014 8:18:18> Соединение с SQL-сервером установлено
24.10.2014 8:18:18> Начало загрузки данных по УГЭC
24.10.2014 8:18:18> Начало загрузки данных по ЦЭС
24.10.2014 8:18:18> ОШИБКА! ТМ-сервер TM-UGES01\TMS не подключен
24.10.2014 8:18:18> ОШИБКА! ТМ-сервер TM-CES01\TMS не подключен
24.10.2014 8:18:18> Загрузка завершена
24.10.2014 8:18:18> Таймер установлен на 23.10.2014 12:30:00
24.10.2014 8:29:58> Таймер сработал
24.10.2014 8:29:58> Соединение с SQL-сервером установлено
24.10.2014 8:29:58> Начало загрузки данных по УГЭC
24.10.2014 8:29:58> Начало загрузки данных по ЦЭС
24.10.2014 8:29:58> ТМ-сервер TM-UGES01\TMS подключен
24.10.2014 9:54:45> ТМ-сервер TM-UGES01\TMS отсоединен
24.10.2014 9:54:46> ТМ-сервер TM-CES01\TMS подключен
24.10.2014 12:04:22> ТМ-сервер TM-CES01\TMS отсоединен
24.10.2014 12:04:22> Загрузка завершена
24.10.2014 12:04:22> Таймер установлен на 23.10.2014 16:30:00
24.10.2014 12:29:58> Таймер сработал
24.10.2014 12:29:58> Соединение с SQL-сервером установлено
24.10.2014 12:29:58> Начало загрузки данных по УГЭC
24.10.2014 12:29:58> Начало загрузки данных по ЦЭС
24.10.2014 12:29:58> ТМ-сервер TM-UGES01\TMS подключен
24.10.2014 14:10:30> ТМ-сервер TM-UGES01\TMS отсоединен
24.10.2014 14:10:30> ТМ-сервер TM-CES01\TMS подключен
24.10.2014 16:17:58> ТМ-сервер TM-CES01\TMS отсоединен
24.10.2014 16:17:59> Загрузка завершена
24.10.2014 16:17:59> Таймер установлен на 23.10.2014 20:30:00
24.10.2014 16:29:57> Таймер сработал
24.10.2014 16:29:58> Соединение с SQL-сервером установлено
24.10.2014 16:29:58> Начало загрузки данных по УГЭC
24.10.2014 16:29:58> Начало загрузки данных по ЦЭС
24.10.2014 16:29:58> ТМ-сервер TM-UGES01\TMS подключен
27.10.2014 9:18:00> ТМ-сервер TM-UGES01\TMS отсоединен
27.10.2014 9:18:00> ОШИБКА! ТМ-сервер TM-CES01\TMS не подключен
27.10.2014 9:18:00> Загрузка завершена
27.10.2014 9:18:00> Таймер установлен на 24.10.2014 0:30:00
27.10.2014 9:18:00> Таймер сработал
27.10.2014 9:18:00> Соединение с SQL-сервером установлено
27.10.2014 9:18:00> Начало загрузки данных по УГЭC
27.10.2014 9:18:00> Начало загрузки данных по ЦЭС
27.10.2014 9:18:00> ОШИБКА! ТМ-сервер TM-UGES01\TMS не подключен
27.10.2014 9:18:00> ОШИБКА! ТМ-сервер TM-CES01\TMS не подключен
27.10.2014 9:18:00> Загрузка завершена
27.10.2014 9:18:00> Таймер установлен на 24.10.2014 4:30:00
27.10.2014 12:29:56> Таймер сработал
27.10.2014 12:29:56> Соединение с SQL-сервером установлено
27.10.2014 12:29:56> Начало загрузки данных по УГЭC
27.10.2014 12:29:57> Начало загрузки данных по ЦЭС
27.10.2014 12:29:57> ТМ-сервер TM-UGES01\TMS подключен
27.10.2014 13:45:47> ТМ-сервер TM-UGES01\TMS отсоединен
27.10.2014 13:45:47> ТМ-сервер TM-CES01\TMS подключен
27.10.2014 15:57:40> ТМ-сервер TM-CES01\TMS отсоединен
27.10.2014 15:57:40> Загрузка завершена
27.10.2014 15:57:40> Таймер установлен на 24.10.2014 8:30:00
27.10.2014 16:29:56> Таймер сработал
27.10.2014 16:29:56> Соединение с SQL-сервером установлено
27.10.2014 16:29:56> Начало загрузки данных по УГЭC
27.10.2014 16:29:56> Начало загрузки данных по ЦЭС
27.10.2014 16:29:56> ТМ-сервер TM-UGES01\TMS подключен
27.10.2014 16:49:17> ТМ-сервер TM-UGES01\TMS отсоединен
27.10.2014 16:49:18> ТМ-сервер TM-CES01\TMS подключен
28.10.2014 8:22:42> ТМ-сервер TM-CES01\TMS отсоединен
28.10.2014 8:22:42> Загрузка завершена
28.10.2014 8:22:42> Таймер установлен на 24.10.2014 12:30:00
28.10.2014 8:22:42> Таймер сработал
28.10.2014 8:22:42> Соединение с SQL-сервером установлено
28.10.2014 8:22:42> Начало загрузки данных по УГЭC
28.10.2014 8:22:42> Начало загрузки данных по ЦЭС
28.10.2014 8:22:42> ТМ-сервер TM-UGES01\TMS подключен
28.10.2014 8:28:09> Старт сервиса
28.10.2014 8:28:09> Таймер установлен на 28.10.2014 8:30:00
28.10.2014 8:30:00> Таймер сработал
28.10.2014 8:30:01> Соединение с SQL-сервером установлено
28.10.2014 8:30:01> Начало загрузки данных по УГЭC
28.10.2014 8:30:01> Начало загрузки данных по ЦЭС
28.10.2014 8:30:01> ТМ-сервер TM-UGES01\TMS подключен
28.10.2014 8:44:39> ТМ-сервер TM-UGES01\TMS отсоединен
28.10.2014 8:44:39> ТМ-сервер TM-CES01\TMS подключен
28.10.2014 9:19:59> ТМ-сервер TM-CES01\TMS отсоединен
28.10.2014 9:19:59> Загрузка завершена
28.10.2014 9:19:59> Таймер установлен на 28.10.2014 12:30:00
28.10.2014 12:30:05> Таймер сработал
28.10.2014 12:30:05> Соединение с SQL-сервером установлено
28.10.2014 12:30:05> Начало загрузки данных по УГЭC
28.10.2014 12:30:05> Начало загрузки данных по ЦЭС
28.10.2014 12:30:05> ТМ-сервер TM-UGES01\TMS подключен
28.10.2014 12:46:07> ТМ-сервер TM-UGES01\TMS отсоединен
28.10.2014 12:46:07> ТМ-сервер TM-CES01\TMS подключен
28.10.2014 13:20:06> ТМ-сервер TM-CES01\TMS отсоединен
28.10.2014 13:20:06> Загрузка завершена
28.10.2014 13:20:06> Таймер установлен на 28.10.2014 16:30:00
28.10.2014 16:30:04> Таймер сработал
28.10.2014 16:30:04> Соединение с SQL-сервером установлено
28.10.2014 16:30:05> Начало загрузки данных по УГЭC
28.10.2014 16:30:05> Начало загрузки данных по ЦЭС
28.10.2014 16:30:05> ТМ-сервер TM-UGES01\TMS подключен
28.10.2014 16:44:19> ТМ-сервер TM-UGES01\TMS отсоединен
28.10.2014 16:44:19> ТМ-сервер TM-CES01\TMS подключен
29.10.2014 8:32:19> ТМ-сервер TM-CES01\TMS отсоединен
29.10.2014 8:32:19> Загрузка завершена
29.10.2014 8:32:19> Таймер установлен на 28.10.2014 20:30:00
29.10.2014 8:32:19> Таймер сработал
29.10.2014 8:32:19> Соединение с SQL-сервером установлено
29.10.2014 8:32:19> Начало загрузки данных по УГЭC
29.10.2014 8:32:19> Начало загрузки данных по ЦЭС
29.10.2014 8:32:19> ТМ-сервер TM-UGES01\TMS подключен
29.10.2014 8:53:15> ТМ-сервер TM-UGES01\TMS отсоединен
29.10.2014 8:53:15> ТМ-сервер TM-CES01\TMS подключен
29.10.2014 9:50:14> ТМ-сервер TM-CES01\TMS отсоединен
29.10.2014 9:50:14> Загрузка завершена
29.10.2014 9:50:14> Таймер установлен на 29.10.2014 0:30:00
29.10.2014 12:30:04> Таймер сработал
29.10.2014 12:30:04> Соединение с SQL-сервером установлено
29.10.2014 12:30:04> Начало загрузки данных по УГЭC
29.10.2014 12:30:04> Начало загрузки данных по ЦЭС
29.10.2014 12:30:04> ТМ-сервер TM-UGES01\TMS подключен
29.10.2014 12:49:33> ТМ-сервер TM-UGES01\TMS отсоединен
29.10.2014 12:49:34> ТМ-сервер TM-CES01\TMS подключен
29.10.2014 13:43:56> ТМ-сервер TM-CES01\TMS отсоединен
29.10.2014 13:43:56> Загрузка завершена
29.10.2014 13:43:56> Таймер установлен на 29.10.2014 4:30:00
29.10.2014 16:30:04> Таймер сработал
29.10.2014 16:30:04> Соединение с SQL-сервером установлено
29.10.2014 16:30:04> Начало загрузки данных по УГЭC
29.10.2014 16:30:04> Начало загрузки данных по ЦЭС
29.10.2014 16:30:04> ТМ-сервер TM-UGES01\TMS подключен
29.10.2014 16:49:32> ТМ-сервер TM-UGES01\TMS отсоединен
29.10.2014 16:49:32> ТМ-сервер TM-CES01\TMS подключен
30.10.2014 8:27:57> ТМ-сервер TM-CES01\TMS отсоединен
30.10.2014 8:27:58> Загрузка завершена
30.10.2014 8:27:58> Таймер установлен на 29.10.2014 8:30:00
30.10.2014 8:27:58> Таймер сработал
30.10.2014 8:27:59> Соединение с SQL-сервером установлено
30.10.2014 8:28:03> Начало загрузки данных по УГЭC
30.10.2014 8:28:03> Начало загрузки данных по ЦЭС
30.10.2014 8:28:03> ТМ-сервер TM-UGES01\TMS подключен
30.10.2014 8:47:09> ТМ-сервер TM-UGES01\TMS отсоединен
30.10.2014 8:47:09> ТМ-сервер TM-CES01\TMS подключен
30.10.2014 9:51:44> ТМ-сервер TM-CES01\TMS отсоединен
30.10.2014 9:51:44> Загрузка завершена
30.10.2014 9:51:45> Таймер установлен на 29.10.2014 12:30:00
30.10.2014 9:51:45> Таймер сработал
30.10.2014 9:51:45> Соединение с SQL-сервером установлено
30.10.2014 9:51:45> Начало загрузки данных по УГЭC
30.10.2014 9:51:45> Начало загрузки данных по ЦЭС
30.10.2014 9:51:45> ТМ-сервер TM-UGES01\TMS подключен
30.10.2014 10:10:57> ТМ-сервер TM-UGES01\TMS отсоединен
30.10.2014 10:10:57> ТМ-сервер TM-CES01\TMS подключен
30.10.2014 11:26:53> ТМ-сервер TM-CES01\TMS отсоединен
30.10.2014 11:26:53> Загрузка завершена
30.10.2014 11:26:53> Таймер установлен на 29.10.2014 16:30:00
30.10.2014 12:30:03> Таймер сработал
30.10.2014 12:30:03> Соединение с SQL-сервером установлено
30.10.2014 12:30:03> Начало загрузки данных по УГЭC
30.10.2014 12:30:03> Начало загрузки данных по ЦЭС
30.10.2014 12:30:03> ТМ-сервер TM-UGES01\TMS подключен
30.10.2014 12:47:24> ТМ-сервер TM-UGES01\TMS отсоединен
30.10.2014 12:47:24> ТМ-сервер TM-CES01\TMS подключен
30.10.2014 13:31:41> ТМ-сервер TM-CES01\TMS отсоединен
30.10.2014 13:31:41> Загрузка завершена
30.10.2014 13:31:41> Таймер установлен на 29.10.2014 20:30:00
30.10.2014 16:30:03> Таймер сработал
30.10.2014 16:30:03> Соединение с SQL-сервером установлено
30.10.2014 16:30:03> Начало загрузки данных по УГЭC
30.10.2014 16:30:03> Начало загрузки данных по ЦЭС
30.10.2014 16:30:03> ТМ-сервер TM-UGES01\TMS подключен
30.10.2014 16:48:40> ТМ-сервер TM-UGES01\TMS отсоединен
30.10.2014 16:48:40> ТМ-сервер TM-CES01\TMS подключен
31.10.2014 8:28:31> ТМ-сервер TM-CES01\TMS отсоединен
31.10.2014 8:28:32> Загрузка завершена
31.10.2014 8:28:32> Таймер установлен на 30.10.2014 0:30:00
31.10.2014 8:28:32> Таймер сработал
31.10.2014 8:28:32> Соединение с SQL-сервером установлено
31.10.2014 8:28:32> Начало загрузки данных по УГЭC
31.10.2014 8:28:32> Начало загрузки данных по ЦЭС
31.10.2014 8:28:32> ТМ-сервер TM-UGES01\TMS подключен
31.10.2014 8:46:30> ТМ-сервер TM-UGES01\TMS отсоединен
31.10.2014 8:46:30> ТМ-сервер TM-CES01\TMS подключен
31.10.2014 9:29:09> ТМ-сервер TM-CES01\TMS отсоединен
31.10.2014 9:29:09> Загрузка завершена
31.10.2014 9:29:09> Таймер установлен на 30.10.2014 4:30:00
31.10.2014 9:29:09> Таймер сработал
31.10.2014 9:29:10> Соединение с SQL-сервером установлено
31.10.2014 9:29:10> Начало загрузки данных по УГЭC
31.10.2014 9:29:10> Начало загрузки данных по ЦЭС
31.10.2014 9:29:10> ТМ-сервер TM-UGES01\TMS подключен
31.10.2014 9:41:04> ТМ-сервер TM-UGES01\TMS отсоединен
31.10.2014 9:41:04> ТМ-сервер TM-CES01\TMS подключен
31.10.2014 10:35:31> ТМ-сервер TM-CES01\TMS отсоединен
31.10.2014 10:35:31> Загрузка завершена
31.10.2014 10:35:31> Таймер установлен на 30.10.2014 8:30:00
31.10.2014 12:30:02> Таймер сработал
31.10.2014 12:30:02> Соединение с SQL-сервером установлено
31.10.2014 12:30:02> Начало загрузки данных по УГЭC
31.10.2014 12:30:02> Начало загрузки данных по ЦЭС
31.10.2014 12:30:02> ТМ-сервер TM-UGES01\TMS подключен
31.10.2014 12:40:49> ТМ-сервер TM-UGES01\TMS отсоединен
31.10.2014 12:40:49> ТМ-сервер TM-CES01\TMS подключен
31.10.2014 13:10:15> ТМ-сервер TM-CES01\TMS отсоединен
31.10.2014 13:10:15> Загрузка завершена
31.10.2014 13:10:15> Таймер установлен на 30.10.2014 12:30:00
31.10.2014 16:30:02> Таймер сработал
31.10.2014 16:30:02> Соединение с SQL-сервером установлено
31.10.2014 16:30:02> Начало загрузки данных по УГЭC
31.10.2014 16:30:02> Начало загрузки данных по ЦЭС
31.10.2014 16:30:02> ТМ-сервер TM-UGES01\TMS подключен
31.10.2014 16:41:56> ТМ-сервер TM-UGES01\TMS отсоединен
31.10.2014 16:41:56> ТМ-сервер TM-CES01\TMS подключен
31.10.2014 17:10:28> ТМ-сервер TM-CES01\TMS отсоединен
31.10.2014 17:10:28> Загрузка завершена
31.10.2014 17:10:28> Таймер установлен на 30.10.2014 16:30:00
05.11.2014 8:44:01> Старт сервиса
05.11.2014 8:44:01> Таймер установлен на 05.11.2014 8:46:00
05.11.2014 8:45:59> Таймер сработал
05.11.2014 8:46:41> Соединение с SQL-сервером установлено
05.11.2014 8:46:52> Начало загрузки данных по УГЭC
05.11.2014 8:46:52> Начало загрузки данных по ЦЭС
05.11.2014 8:46:53> ТМ-сервер TM-UGES01\TMS подключен
05.11.2014 9:57:50> ТМ-сервер TM-UGES01\TMS отсоединен
05.11.2014 9:57:50> ТМ-сервер TM-CES01\TMS подключен
05.11.2014 11:49:51> ТМ-сервер TM-CES01\TMS отсоединен
05.11.2014 11:49:51> Загрузка завершена
05.11.2014 11:49:51> Таймер установлен на 05.11.2014 12:46:00
05.11.2014 12:45:59> Таймер сработал
05.11.2014 12:45:59> Соединение с SQL-сервером установлено
05.11.2014 12:45:59> Начало загрузки данных по УГЭC
05.11.2014 12:45:59> Начало загрузки данных по ЦЭС
05.11.2014 12:45:59> ТМ-сервер TM-UGES01\TMS подключен
05.11.2014 13:55:59> ТМ-сервер TM-UGES01\TMS отсоединен
05.11.2014 13:56:00> ТМ-сервер TM-CES01\TMS подключен
05.11.2014 15:48:06> ТМ-сервер TM-CES01\TMS отсоединен
05.11.2014 15:48:06> Загрузка завершена
05.11.2014 15:48:06> Таймер установлен на 05.11.2014 16:46:00
05.11.2014 16:45:59> Таймер сработал
05.11.2014 16:45:59> Соединение с SQL-сервером установлено
05.11.2014 16:45:59> Начало загрузки данных по УГЭC
05.11.2014 16:45:59> Начало загрузки данных по ЦЭС
05.11.2014 16:45:59> ТМ-сервер TM-UGES01\TMS подключен
06.11.2014 8:47:09> ТМ-сервер TM-UGES01\TMS отсоединен
06.11.2014 8:47:09> ОШИБКА! ТМ-сервер TM-CES01\TMS не подключен
06.11.2014 8:47:09> Загрузка завершена
06.11.2014 8:47:09> Таймер установлен на 05.11.2014 20:46:00
06.11.2014 8:47:09> Таймер сработал
06.11.2014 8:47:09> Соединение с SQL-сервером установлено
06.11.2014 8:47:10> Начало загрузки данных по УГЭC
06.11.2014 8:47:10> Начало загрузки данных по ЦЭС
06.11.2014 8:47:10> ОШИБКА! ТМ-сервер TM-UGES01\TMS не подключен
06.11.2014 8:47:10> ОШИБКА! ТМ-сервер TM-CES01\TMS не подключен
06.11.2014 8:47:10> Загрузка завершена
06.11.2014 8:47:10> Таймер установлен на 06.11.2014 0:46:00
07.11.2014 8:38:29> Таймер сработал
07.11.2014 8:38:35> Загрузка завершена
07.11.2014 8:38:35> Таймер установлен на 06.11.2014 4:46:00
24.11.2014 8:33:48> Старт сервиса
24.11.2014 8:33:48> Таймер установлен на 24.11.2014 8:35:00
24.11.2014 8:34:59> Таймер сработал
24.11.2014 8:35:11> Соединение с SQL-сервером установлено
24.11.2014 8:35:17> Начало загрузки данных по УГЭC
24.11.2014 8:35:17> Начало загрузки данных по ЦЭС
24.11.2014 8:35:17> ТМ-сервер TM-UGES01\TMS подключен
24.11.2014 8:55:16> ТМ-сервер TM-UGES01\TMS отсоединен
24.11.2014 8:55:16> ТМ-сервер TM-CES01\TMS подключен
24.11.2014 9:45:29> ТМ-сервер TM-CES01\TMS отсоединен
24.11.2014 9:45:30> Загрузка завершена
24.11.2014 9:45:30> Таймер установлен на 24.11.2014 12:35:00
24.11.2014 12:34:59> Таймер сработал
24.11.2014 12:34:59> Соединение с SQL-сервером установлено
24.11.2014 12:34:59> Начало загрузки данных по УГЭC
24.11.2014 12:34:59> Начало загрузки данных по ЦЭС
24.11.2014 12:34:59> ТМ-сервер TM-UGES01\TMS подключен
24.11.2014 12:52:36> ТМ-сервер TM-UGES01\TMS отсоединен
24.11.2014 12:52:36> ТМ-сервер TM-CES01\TMS подключен
24.11.2014 13:42:24> ТМ-сервер TM-CES01\TMS отсоединен
24.11.2014 13:42:24> Загрузка завершена
24.11.2014 13:42:24> Таймер установлен на 24.11.2014 16:35:00
24.11.2014 16:34:59> Таймер сработал
24.11.2014 16:35:00> Соединение с SQL-сервером установлено
24.11.2014 16:35:00> Начало загрузки данных по УГЭC
24.11.2014 16:35:00> Начало загрузки данных по ЦЭС
24.11.2014 16:35:00> ТМ-сервер TM-UGES01\TMS подключен
24.11.2014 16:53:51> ТМ-сервер TM-UGES01\TMS отсоединен
24.11.2014 16:53:51> ТМ-сервер TM-CES01\TMS подключен
24.11.2014 17:56:36> ТМ-сервер TM-CES01\TMS отсоединен
24.11.2014 17:56:36> Загрузка завершена
24.11.2014 17:56:36> Таймер установлен на 24.11.2014 20:35:00
24.11.2014 20:34:58> Таймер сработал
24.11.2014 20:34:58> Соединение с SQL-сервером установлено
24.11.2014 20:34:58> Начало загрузки данных по УГЭC
24.11.2014 20:34:58> Начало загрузки данных по ЦЭС
24.11.2014 20:34:59> ТМ-сервер TM-UGES01\TMS подключен
24.11.2014 20:53:09> ТМ-сервер TM-UGES01\TMS отсоединен
24.11.2014 20:53:09> ТМ-сервер TM-CES01\TMS подключен
24.11.2014 21:38:09> ТМ-сервер TM-CES01\TMS отсоединен
24.11.2014 21:38:09> Загрузка завершена
24.11.2014 21:38:09> Таймер установлен на 25.11.2014 0:35:00
25.11.2014 0:34:58> Таймер сработал
25.11.2014 0:34:58> Соединение с SQL-сервером установлено
25.11.2014 0:34:59> Начало загрузки данных по УГЭC
25.11.2014 0:34:59> Начало загрузки данных по ЦЭС
25.11.2014 0:34:59> ТМ-сервер TM-UGES01\TMS подключен
25.11.2014 0:55:02> ТМ-сервер TM-UGES01\TMS отсоединен
25.11.2014 0:55:02> ТМ-сервер TM-CES01\TMS подключен
25.11.2014 1:35:25> ТМ-сервер TM-CES01\TMS отсоединен
25.11.2014 1:35:25> Загрузка завершена
25.11.2014 1:35:25> Таймер установлен на 25.11.2014 4:35:00
25.11.2014 4:34:58> Таймер сработал
25.11.2014 4:34:58> Соединение с SQL-сервером установлено
25.11.2014 4:34:58> Начало загрузки данных по УГЭC
25.11.2014 4:34:58> Начало загрузки данных по ЦЭС
25.11.2014 4:34:58> ТМ-сервер TM-UGES01\TMS подключен
25.11.2014 4:54:27> ТМ-сервер TM-UGES01\TMS отсоединен
25.11.2014 4:54:27> ТМ-сервер TM-CES01\TMS подключен
25.11.2014 5:44:12> ТМ-сервер TM-CES01\TMS отсоединен
25.11.2014 5:44:12> Загрузка завершена
25.11.2014 5:44:12> Таймер установлен на 25.11.2014 8:35:00
25.11.2014 8:34:57> Таймер сработал
25.11.2014 8:34:57> Соединение с SQL-сервером установлено
25.11.2014 8:34:57> Начало загрузки данных по УГЭC
25.11.2014 8:34:57> Начало загрузки данных по ЦЭС
25.11.2014 8:34:57> ТМ-сервер TM-UGES01\TMS подключен
25.11.2014 8:56:38> ТМ-сервер TM-UGES01\TMS отсоединен
25.11.2014 8:56:38> ТМ-сервер TM-CES01\TMS подключен
25.11.2014 9:35:24> ТМ-сервер TM-CES01\TMS отсоединен
25.11.2014 9:35:24> Загрузка завершена
25.11.2014 9:35:24> Таймер установлен на 25.11.2014 12:35:00
25.11.2014 12:34:57> Таймер сработал
25.11.2014 12:34:58> Соединение с SQL-сервером установлено
25.11.2014 12:34:58> Начало загрузки данных по УГЭC
25.11.2014 12:34:58> Начало загрузки данных по ЦЭС
25.11.2014 12:34:58> ТМ-сервер TM-UGES01\TMS подключен
25.11.2014 12:54:16> ТМ-сервер TM-UGES01\TMS отсоединен
25.11.2014 12:54:16> ОШИБКА! ТМ-сервер TM-CES01\TMS не подключен
25.11.2014 12:54:16> Загрузка завершена
25.11.2014 12:54:16> Таймер установлен на 25.11.2014 16:35:00
25.11.2014 16:34:57> Таймер сработал
25.11.2014 16:34:57> Соединение с SQL-сервером установлено
25.11.2014 16:34:57> Начало загрузки данных по УГЭC
25.11.2014 16:34:57> Начало загрузки данных по ЦЭС
25.11.2014 16:34:57> ТМ-сервер TM-UGES01\TMS подключен
25.11.2014 16:58:16> ТМ-сервер TM-UGES01\TMS отсоединен
25.11.2014 16:58:17> ТМ-сервер TM-CES01\TMS подключен
25.11.2014 17:48:27> ТМ-сервер TM-CES01\TMS отсоединен
25.11.2014 17:48:27> Загрузка завершена
25.11.2014 17:48:27> Таймер установлен на 25.11.2014 20:35:00
25.11.2014 20:34:57> Таймер сработал
25.11.2014 20:34:57> Соединение с SQL-сервером установлено
25.11.2014 20:34:57> Начало загрузки данных по УГЭC
25.11.2014 20:34:57> Начало загрузки данных по ЦЭС
25.11.2014 20:34:57> ТМ-сервер TM-UGES01\TMS подключен
25.11.2014 20:53:13> ТМ-сервер TM-UGES01\TMS отсоединен
25.11.2014 20:53:13> ТМ-сервер TM-CES01\TMS подключен
25.11.2014 21:37:41> ТМ-сервер TM-CES01\TMS отсоединен
25.11.2014 21:37:41> Загрузка завершена
25.11.2014 21:37:42> Таймер установлен на 26.11.2014 0:35:00
26.11.2014 0:34:56> Таймер сработал
26.11.2014 0:34:56> Соединение с SQL-сервером установлено
26.11.2014 0:34:56> Начало загрузки данных по УГЭC
26.11.2014 0:34:56> Начало загрузки данных по ЦЭС
26.11.2014 0:34:56> ТМ-сервер TM-UGES01\TMS подключен
26.11.2014 0:53:15> ТМ-сервер TM-UGES01\TMS отсоединен
26.11.2014 0:53:15> ТМ-сервер TM-CES01\TMS подключен
26.11.2014 1:30:32> ТМ-сервер TM-CES01\TMS отсоединен
26.11.2014 1:30:32> Загрузка завершена
26.11.2014 1:30:32> Таймер установлен на 26.11.2014 4:35:00
26.11.2014 4:34:55> Таймер сработал
26.11.2014 4:34:56> Соединение с SQL-сервером установлено
26.11.2014 4:34:56> Начало загрузки данных по УГЭC
26.11.2014 4:34:56> Начало загрузки данных по ЦЭС
26.11.2014 4:34:56> ТМ-сервер TM-UGES01\TMS подключен
26.11.2014 4:53:46> ТМ-сервер TM-UGES01\TMS отсоединен
26.11.2014 4:53:46> ТМ-сервер TM-CES01\TMS подключен
26.11.2014 5:22:16> ТМ-сервер TM-CES01\TMS отсоединен
26.11.2014 5:22:16> Загрузка завершена
26.11.2014 5:22:16> Таймер установлен на 26.11.2014 8:35:00
26.11.2014 8:34:56> Таймер сработал
26.11.2014 8:34:56> Соединение с SQL-сервером установлено
26.11.2014 8:34:56> Начало загрузки данных по УГЭC
26.11.2014 8:34:56> Начало загрузки данных по ЦЭС
26.11.2014 8:34:56> ТМ-сервер TM-UGES01\TMS подключен
26.11.2014 8:52:48> ТМ-сервер TM-UGES01\TMS отсоединен
26.11.2014 8:52:48> ТМ-сервер TM-CES01\TMS подключен
26.11.2014 9:16:30> ТМ-сервер TM-CES01\TMS отсоединен
26.11.2014 9:16:30> Загрузка завершена
26.11.2014 9:16:30> Таймер установлен на 26.11.2014 12:35:00
26.11.2014 12:34:55> Таймер сработал
26.11.2014 12:34:56> Соединение с SQL-сервером установлено
26.11.2014 12:34:57> Начало загрузки данных по УГЭC
26.11.2014 12:34:57> Начало загрузки данных по ЦЭС
26.11.2014 12:34:57> ТМ-сервер TM-UGES01\TMS подключен
26.11.2014 12:53:59> ТМ-сервер TM-UGES01\TMS отсоединен
26.11.2014 12:53:59> ТМ-сервер TM-CES01\TMS подключен
26.11.2014 13:31:44> ТМ-сервер TM-CES01\TMS отсоединен
26.11.2014 13:31:44> Загрузка завершена
26.11.2014 13:31:44> Таймер установлен на 26.11.2014 16:35:00
26.11.2014 16:34:55> Таймер сработал
26.11.2014 16:34:56> Соединение с SQL-сервером установлено
26.11.2014 16:34:57> Начало загрузки данных по УГЭC
26.11.2014 16:34:57> Начало загрузки данных по ЦЭС
26.11.2014 16:34:57> ТМ-сервер TM-UGES01\TMS подключен
26.11.2014 16:51:30> ТМ-сервер TM-UGES01\TMS отсоединен
26.11.2014 16:51:30> ТМ-сервер TM-CES01\TMS подключен
26.11.2014 17:36:07> ТМ-сервер TM-CES01\TMS отсоединен
26.11.2014 17:36:07> Загрузка завершена
26.11.2014 17:36:07> Таймер установлен на 26.11.2014 20:35:00
26.11.2014 20:34:54> Таймер сработал
26.11.2014 20:34:55> Соединение с SQL-сервером установлено
26.11.2014 20:34:55> Начало загрузки данных по УГЭC
26.11.2014 20:34:55> Начало загрузки данных по ЦЭС
26.11.2014 20:34:56> ТМ-сервер TM-UGES01\TMS подключен
26.11.2014 20:51:17> ТМ-сервер TM-UGES01\TMS отсоединен
26.11.2014 20:51:17> ТМ-сервер TM-CES01\TMS подключен
26.11.2014 21:32:37> ТМ-сервер TM-CES01\TMS отсоединен
26.11.2014 21:32:38> Загрузка завершена
26.11.2014 21:32:38> Таймер установлен на 27.11.2014 0:35:00
27.11.2014 0:34:54> Таймер сработал
27.11.2014 0:34:56> Соединение с SQL-сервером установлено
27.11.2014 0:34:57> Начало загрузки данных по УГЭC
27.11.2014 0:34:57> Начало загрузки данных по ЦЭС
27.11.2014 0:34:57> ТМ-сервер TM-UGES01\TMS подключен
27.11.2014 0:51:27> ТМ-сервер TM-UGES01\TMS отсоединен
27.11.2014 0:51:27> ТМ-сервер TM-CES01\TMS подключен
27.11.2014 1:32:37> ТМ-сервер TM-CES01\TMS отсоединен
27.11.2014 1:32:37> Загрузка завершена
27.11.2014 1:32:37> Таймер установлен на 27.11.2014 4:35:00
27.11.2014 4:34:55> Таймер сработал
27.11.2014 4:34:55> Соединение с SQL-сервером установлено
27.11.2014 4:34:55> Начало загрузки данных по УГЭC
27.11.2014 4:34:55> Начало загрузки данных по ЦЭС
27.11.2014 4:34:55> ТМ-сервер TM-UGES01\TMS подключен
27.11.2014 4:51:18> ТМ-сервер TM-UGES01\TMS отсоединен
27.11.2014 4:51:18> ТМ-сервер TM-CES01\TMS подключен
27.11.2014 5:34:28> ТМ-сервер TM-CES01\TMS отсоединен
27.11.2014 5:34:28> Загрузка завершена
27.11.2014 5:34:28> Таймер установлен на 27.11.2014 8:35:00
27.11.2014 8:34:55> Таймер сработал
27.11.2014 8:34:56> Соединение с SQL-сервером установлено
27.11.2014 8:34:56> Начало загрузки данных по УГЭC
27.11.2014 8:34:56> Начало загрузки данных по ЦЭС
27.11.2014 8:34:56> ТМ-сервер TM-UGES01\TMS подключен
27.11.2014 8:51:52> ТМ-сервер TM-UGES01\TMS отсоединен
27.11.2014 8:51:52> ТМ-сервер TM-CES01\TMS подключен
27.11.2014 9:26:48> ТМ-сервер TM-CES01\TMS отсоединен
27.11.2014 9:26:48> Загрузка завершена
27.11.2014 9:26:48> Таймер установлен на 27.11.2014 12:35:00
27.11.2014 12:34:53> Таймер сработал
27.11.2014 12:34:55> Соединение с SQL-сервером установлено
27.11.2014 12:34:55> Начало загрузки данных по УГЭC
27.11.2014 12:34:55> Начало загрузки данных по ЦЭС
27.11.2014 12:34:56> ТМ-сервер TM-UGES01\TMS подключен
27.11.2014 12:51:16> ТМ-сервер TM-UGES01\TMS отсоединен
27.11.2014 12:51:16> ТМ-сервер TM-CES01\TMS подключен
27.11.2014 13:13:45> ТМ-сервер TM-CES01\TMS отсоединен
27.11.2014 13:13:45> Загрузка завершена
27.11.2014 13:13:45> Таймер установлен на 27.11.2014 16:35:00
27.11.2014 16:34:52> Таймер сработал
27.11.2014 16:34:53> Соединение с SQL-сервером установлено
27.11.2014 16:34:54> Начало загрузки данных по УГЭC
27.11.2014 16:34:54> Начало загрузки данных по ЦЭС
27.11.2014 16:34:54> ТМ-сервер TM-UGES01\TMS подключен
27.11.2014 16:51:06> ТМ-сервер TM-UGES01\TMS отсоединен
27.11.2014 16:51:07> ТМ-сервер TM-CES01\TMS подключен
27.11.2014 17:11:16> ТМ-сервер TM-CES01\TMS отсоединен
27.11.2014 17:11:16> Загрузка завершена
27.11.2014 17:11:16> Таймер установлен на 27.11.2014 20:35:00
27.11.2014 20:34:52> Таймер сработал
27.11.2014 20:34:54> Соединение с SQL-сервером установлено
27.11.2014 20:34:55> Начало загрузки данных по УГЭC
27.11.2014 20:34:55> Начало загрузки данных по ЦЭС
27.11.2014 20:34:55> ТМ-сервер TM-UGES01\TMS подключен
27.11.2014 20:51:26> ТМ-сервер TM-UGES01\TMS отсоединен
27.11.2014 20:51:26> ТМ-сервер TM-CES01\TMS подключен
27.11.2014 21:11:56> ТМ-сервер TM-CES01\TMS отсоединен
27.11.2014 21:11:56> Загрузка завершена
27.11.2014 21:11:56> Таймер установлен на 28.11.2014 0:35:00
28.11.2014 0:34:52> Таймер сработал
28.11.2014 0:34:53> Соединение с SQL-сервером установлено
28.11.2014 0:34:53> Начало загрузки данных по УГЭC
28.11.2014 0:34:53> Начало загрузки данных по ЦЭС
28.11.2014 0:34:53> ТМ-сервер TM-UGES01\TMS подключен
28.11.2014 0:51:51> ТМ-сервер TM-UGES01\TMS отсоединен
28.11.2014 0:51:51> ТМ-сервер TM-CES01\TMS подключен
28.11.2014 1:32:42> ТМ-сервер TM-CES01\TMS отсоединен
28.11.2014 1:32:42> Загрузка завершена
28.11.2014 1:32:42> Таймер установлен на 28.11.2014 4:35:00
28.11.2014 4:34:52> Таймер сработал
28.11.2014 4:34:52> Соединение с SQL-сервером установлено
28.11.2014 4:34:52> Начало загрузки данных по УГЭC
28.11.2014 4:34:52> Начало загрузки данных по ЦЭС
28.11.2014 4:34:52> ТМ-сервер TM-UGES01\TMS подключен
28.11.2014 4:52:01> ТМ-сервер TM-UGES01\TMS отсоединен
28.11.2014 4:52:01> ТМ-сервер TM-CES01\TMS подключен
28.11.2014 5:40:13> ТМ-сервер TM-CES01\TMS отсоединен
28.11.2014 5:40:13> Загрузка завершена
28.11.2014 5:40:13> Таймер установлен на 28.11.2014 8:35:00
28.11.2014 8:34:53> Таймер сработал
28.11.2014 8:34:53> Соединение с SQL-сервером установлено
28.11.2014 8:34:53> Начало загрузки данных по УГЭC
28.11.2014 8:34:53> Начало загрузки данных по ЦЭС
28.11.2014 8:34:53> ТМ-сервер TM-UGES01\TMS подключен
28.11.2014 8:50:29> ТМ-сервер TM-UGES01\TMS отсоединен
28.11.2014 8:50:29> ТМ-сервер TM-CES01\TMS подключен
28.11.2014 9:32:41> ТМ-сервер TM-CES01\TMS отсоединен
28.11.2014 9:32:41> Загрузка завершена
28.11.2014 9:32:41> Таймер установлен на 28.11.2014 12:35:00
28.11.2014 12:34:51> Таймер сработал
28.11.2014 12:34:53> Соединение с SQL-сервером установлено
28.11.2014 12:34:53> Начало загрузки данных по УГЭC
28.11.2014 12:34:53> Начало загрузки данных по ЦЭС
28.11.2014 12:34:54> ТМ-сервер TM-UGES01\TMS подключен
28.11.2014 12:50:53> ТМ-сервер TM-UGES01\TMS отсоединен
28.11.2014 12:50:53> ТМ-сервер TM-CES01\TMS подключен
28.11.2014 13:45:20> ТМ-сервер TM-CES01\TMS отсоединен
28.11.2014 13:45:20> Загрузка завершена
28.11.2014 13:45:20> Таймер установлен на 28.11.2014 16:35:00
28.11.2014 16:34:51> Таймер сработал
28.11.2014 16:34:52> Соединение с SQL-сервером установлено
28.11.2014 16:34:52> Начало загрузки данных по УГЭC
28.11.2014 16:34:52> Начало загрузки данных по ЦЭС
28.11.2014 16:34:52> ТМ-сервер TM-UGES01\TMS подключен
28.11.2014 16:51:26> ТМ-сервер TM-UGES01\TMS отсоединен
28.11.2014 16:51:26> ТМ-сервер TM-CES01\TMS подключен
01.12.2014 8:28:06> Старт сервиса
01.12.2014 8:28:06> Таймер установлен на 01.12.2014 8:30:00
01.12.2014 8:29:59> Таймер сработал
01.12.2014 8:30:20> Соединение с SQL-сервером установлено
01.12.2014 8:30:26> Начало загрузки данных по УГЭC
01.12.2014 8:30:26> Начало загрузки данных по ЦЭС
01.12.2014 8:30:26> ТМ-сервер TM-UGES01\TMS подключен
01.12.2014 8:50:22> ТМ-сервер TM-UGES01\TMS отсоединен
01.12.2014 8:50:22> ТМ-сервер TM-CES01\TMS подключен
01.12.2014 9:27:35> ТМ-сервер TM-CES01\TMS отсоединен
01.12.2014 9:27:35> Загрузка завершена
01.12.2014 9:27:35> Таймер установлен на 01.12.2014 12:30:00
01.12.2014 12:29:59> Таймер сработал
01.12.2014 12:30:00> Соединение с SQL-сервером установлено
01.12.2014 12:30:00> Начало загрузки данных по УГЭC
01.12.2014 12:30:00> Начало загрузки данных по ЦЭС
01.12.2014 12:30:01> ТМ-сервер TM-UGES01\TMS подключен
01.12.2014 12:48:40> ТМ-сервер TM-UGES01\TMS отсоединен
01.12.2014 12:48:40> ТМ-сервер TM-CES01\TMS подключен
01.12.2014 13:13:25> ТМ-сервер TM-CES01\TMS отсоединен
01.12.2014 13:13:25> Загрузка завершена
01.12.2014 13:13:25> Таймер установлен на 01.12.2014 16:30:00
01.12.2014 16:29:59> Таймер сработал
01.12.2014 16:29:59> Соединение с SQL-сервером установлено
01.12.2014 16:29:59> Начало загрузки данных по УГЭC
01.12.2014 16:29:59> Начало загрузки данных по ЦЭС
01.12.2014 16:29:59> ТМ-сервер TM-UGES01\TMS подключен
01.12.2014 16:44:46> ТМ-сервер TM-UGES01\TMS отсоединен
01.12.2014 16:44:46> ТМ-сервер TM-CES01\TMS подключен
01.12.2014 17:02:58> ТМ-сервер TM-CES01\TMS отсоединен
01.12.2014 17:02:58> Загрузка завершена
01.12.2014 17:02:58> Таймер установлен на 01.12.2014 20:30:00
02.12.2014 8:35:11> Таймер сработал
02.12.2014 8:35:21> Загрузка завершена
02.12.2014 8:35:21> Таймер установлен на 02.12.2014 0:30:00
08.12.2014 9:34:54> Старт сервиса
08.12.2014 9:34:54> Таймер установлен на 08.12.2014 9:36:00
08.12.2014 9:35:59> Таймер сработал
08.12.2014 9:36:07> Соединение с SQL-сервером установлено
08.12.2014 9:36:08> Начало загрузки данных по УГЭC
08.12.2014 9:36:08> Начало загрузки данных по ЦЭС
08.12.2014 9:36:08> ТМ-сервер TM-UGES01\TMS подключен
08.12.2014 9:50:53> ТМ-сервер TM-UGES01\TMS отсоединен
08.12.2014 9:50:54> ТМ-сервер TM-CES01\TMS подключен
08.12.2014 10:33:27> ТМ-сервер TM-CES01\TMS отсоединен
08.12.2014 10:33:27> Загрузка завершена
08.12.2014 10:33:27> Таймер установлен на 08.12.2014 13:36:00
08.12.2014 13:35:59> Таймер сработал
08.12.2014 13:35:59> Соединение с SQL-сервером установлено
08.12.2014 13:36:00> Начало загрузки данных по УГЭC
08.12.2014 13:36:00> Начало загрузки данных по ЦЭС
08.12.2014 13:36:00> ТМ-сервер TM-UGES01\TMS подключен
08.12.2014 13:53:31> ТМ-сервер TM-UGES01\TMS отсоединен
08.12.2014 13:53:31> ТМ-сервер TM-CES01\TMS подключен
08.12.2014 14:47:15> ТМ-сервер TM-CES01\TMS отсоединен
08.12.2014 14:47:15> Загрузка завершена
08.12.2014 14:47:15> Таймер установлен на 08.12.2014 17:36:00
09.12.2014 8:07:57> Таймер сработал
09.12.2014 8:08:20> Соединение с SQL-сервером установлено
09.12.2014 8:08:26> Начало загрузки данных по УГЭC
09.12.2014 8:08:26> Начало загрузки данных по ЦЭС
09.12.2014 8:08:30> ТМ-сервер TM-UGES01\TMS подключен
09.12.2014 8:29:23> ТМ-сервер TM-UGES01\TMS отсоединен
09.12.2014 8:29:24> ТМ-сервер TM-CES01\TMS подключен
09.12.2014 9:06:32> ТМ-сервер TM-CES01\TMS отсоединен
09.12.2014 9:06:32> Загрузка завершена
09.12.2014 9:06:32> Таймер установлен на 08.12.2014 21:36:00
09.12.2014 9:35:58> Таймер сработал
09.12.2014 9:35:58> Соединение с SQL-сервером установлено
09.12.2014 9:35:58> Начало загрузки данных по УГЭC
09.12.2014 9:35:58> Начало загрузки данных по ЦЭС
09.12.2014 9:35:58> ТМ-сервер TM-UGES01\TMS подключен
09.12.2014 9:55:38> ТМ-сервер TM-UGES01\TMS отсоединен
09.12.2014 9:55:38> ТМ-сервер TM-CES01\TMS подключен
09.12.2014 10:24:46> ТМ-сервер TM-CES01\TMS отсоединен
09.12.2014 10:24:46> Загрузка завершена
09.12.2014 10:24:46> Таймер установлен на 09.12.2014 1:36:00
09.12.2014 13:35:57> Таймер сработал
09.12.2014 13:35:58> Соединение с SQL-сервером установлено
09.12.2014 13:35:58> Начало загрузки данных по УГЭC
09.12.2014 13:35:58> Начало загрузки данных по ЦЭС
09.12.2014 13:35:59> ТМ-сервер TM-UGES01\TMS подключен
09.12.2014 13:55:32> ТМ-сервер TM-UGES01\TMS отсоединен
09.12.2014 13:55:32> ТМ-сервер TM-CES01\TMS подключен
09.12.2014 14:36:25> ТМ-сервер TM-CES01\TMS отсоединен
09.12.2014 14:36:26> Загрузка завершена
09.12.2014 14:36:26> Таймер установлен на 09.12.2014 5:36:00
10.12.2014 8:11:43> Таймер сработал
10.12.2014 8:11:52> Загрузка завершена
10.12.2014 8:11:52> Таймер установлен на 09.12.2014 9:36:00
11.12.2014 9:57:24> Стоп сервиса
11.12.2014 10:38:17> Старт сервиса
11.12.2014 10:38:17> Таймер установлен на 11.12.2014 10:40:00
11.12.2014 10:40:00> Таймер сработал
11.12.2014 10:40:18> Соединение с SQL-сервером установлено
11.12.2014 10:40:28> Начало загрузки данных по УГЭC
11.12.2014 10:40:28> Начало загрузки данных по ЦЭС
11.12.2014 10:40:28> ТМ-сервер TM-UGES01\TMS подключен
11.12.2014 11:04:38> ТМ-сервер TM-UGES01\TMS отсоединен
11.12.2014 11:04:38> ТМ-сервер TM-CES01\TMS подключен
11.12.2014 11:20:35> ТМ-сервер TM-CES01\TMS отсоединен
11.12.2014 11:20:36> Загрузка завершена
11.12.2014 11:20:36> Таймер установлен на 11.12.2014 14:40:00
11.12.2014 14:40:00> Таймер сработал
11.12.2014 14:40:02> Соединение с SQL-сервером установлено
11.12.2014 14:40:03> Начало загрузки данных по УГЭC
11.12.2014 14:40:03> Начало загрузки данных по ЦЭС
11.12.2014 14:40:04> ОШИБКА! ТМ-сервер TM-UGES01\TMS не подключен
11.12.2014 14:40:04> ОШИБКА! ТМ-сервер TM-CES01\TMS не подключен
11.12.2014 14:40:04> Загрузка завершена
11.12.2014 14:40:04> Таймер установлен на 11.12.2014 18:40:00
12.12.2014 8:28:07> Таймер сработал
12.12.2014 8:28:33> Соединение с SQL-сервером установлено
12.12.2014 8:28:42> Начало загрузки данных по УГЭC
12.12.2014 8:28:42> Начало загрузки данных по ЦЭС
12.12.2014 8:28:44> ОШИБКА! ТМ-сервер TM-UGES01\TMS не подключен
12.12.2014 8:28:45> ОШИБКА! ТМ-сервер TM-CES01\TMS не подключен
12.12.2014 8:28:45> Загрузка завершена
12.12.2014 8:28:46> Таймер установлен на 11.12.2014 22:40:00
12.12.2014 10:39:58> Таймер сработал
12.12.2014 10:39:59> Соединение с SQL-сервером установлено
12.12.2014 10:39:59> Начало загрузки данных по УГЭC
12.12.2014 10:39:59> Начало загрузки данных по ЦЭС
12.12.2014 10:39:59> ОШИБКА! ТМ-сервер TM-UGES01\TMS не подключен
12.12.2014 10:39:59> ОШИБКА! ТМ-сервер TM-CES01\TMS не подключен
12.12.2014 10:39:59> Загрузка завершена
12.12.2014 10:39:59> Таймер установлен на 12.12.2014 2:40:00
12.12.2014 14:39:58> Таймер сработал
12.12.2014 14:39:58> Соединение с SQL-сервером установлено
12.12.2014 14:39:58> Начало загрузки данных по УГЭC
12.12.2014 14:39:58> Начало загрузки данных по ЦЭС
12.12.2014 14:39:58> ОШИБКА! ТМ-сервер TM-UGES01\TMS не подключен
12.12.2014 14:39:58> ОШИБКА! ТМ-сервер TM-CES01\TMS не подключен
12.12.2014 14:39:58> Загрузка завершена
12.12.2014 14:39:58> Таймер установлен на 12.12.2014 6:40:00
15.12.2014 8:17:55> Таймер сработал
15.12.2014 8:18:45> Соединение с SQL-сервером установлено
15.12.2014 8:19:10> Начало загрузки данных по УГЭC
15.12.2014 8:19:10> Начало загрузки данных по ЦЭС
15.12.2014 8:19:18> ОШИБКА! ТМ-сервер TM-UGES01\TMS не подключен
15.12.2014 8:19:18> ОШИБКА! ТМ-сервер TM-CES01\TMS не подключен
15.12.2014 8:19:19> Загрузка завершена
15.12.2014 8:19:20> Таймер установлен на 12.12.2014 10:40:00
15.12.2014 10:39:57> Таймер сработал
15.12.2014 10:39:57> Соединение с SQL-сервером установлено
15.12.2014 10:39:58> Начало загрузки данных по УГЭC
15.12.2014 10:39:58> Начало загрузки данных по ЦЭС
15.12.2014 10:39:58> ОШИБКА! ТМ-сервер TM-UGES01\TMS не подключен
15.12.2014 10:39:58> ОШИБКА! ТМ-сервер TM-CES01\TMS не подключен
15.12.2014 10:39:58> Загрузка завершена
15.12.2014 10:39:58> Таймер установлен на 12.12.2014 14:40:00
15.12.2014 14:39:57> Таймер сработал
15.12.2014 14:39:59> Соединение с SQL-сервером установлено
15.12.2014 14:40:00> Начало загрузки данных по УГЭC
15.12.2014 14:40:00> Начало загрузки данных по ЦЭС
15.12.2014 14:40:01> ОШИБКА! ТМ-сервер TM-UGES01\TMS не подключен
15.12.2014 14:40:01> ОШИБКА! ТМ-сервер TM-CES01\TMS не подключен
15.12.2014 14:40:01> Загрузка завершена
15.12.2014 14:40:01> Таймер установлен на 12.12.2014 18:40:00
16.12.2014 8:20:17> Таймер сработал
16.12.2014 8:21:19> Соединение с SQL-сервером установлено
16.12.2014 8:21:39> Начало загрузки данных по УГЭC
16.12.2014 8:21:39> Начало загрузки данных по ЦЭС
16.12.2014 8:21:42> ОШИБКА! ТМ-сервер TM-UGES01\TMS не подключен
16.12.2014 8:21:42> ОШИБКА! ТМ-сервер TM-CES01\TMS не подключен
16.12.2014 8:21:42> Загрузка завершена
16.12.2014 8:21:43> Таймер установлен на 12.12.2014 22:40:00
16.12.2014 10:39:56> Таймер сработал
16.12.2014 10:39:58> Соединение с SQL-сервером установлено
16.12.2014 10:39:59> Начало загрузки данных по УГЭC
16.12.2014 10:39:59> Начало загрузки данных по ЦЭС
16.12.2014 10:39:59> ОШИБКА! ТМ-сервер TM-UGES01\TMS не подключен
16.12.2014 10:39:59> ОШИБКА! ТМ-сервер TM-CES01\TMS не подключен
16.12.2014 10:39:59> Загрузка завершена
16.12.2014 10:39:59> Таймер установлен на 13.12.2014 2:40:00
16.12.2014 14:39:56> Таймер сработал
16.12.2014 14:39:57> Соединение с SQL-сервером установлено
16.12.2014 14:39:58> Начало загрузки данных по УГЭC
16.12.2014 14:39:58> Начало загрузки данных по ЦЭС
16.12.2014 14:39:58> ОШИБКА! ТМ-сервер TM-UGES01\TMS не подключен
16.12.2014 14:39:58> ОШИБКА! ТМ-сервер TM-CES01\TMS не подключен
16.12.2014 14:39:58> Загрузка завершена
16.12.2014 14:39:58> Таймер установлен на 13.12.2014 6:40:00
17.12.2014 8:31:55> Таймер сработал
17.12.2014 8:32:13> Соединение с SQL-сервером установлено
17.12.2014 8:32:39> Начало загрузки данных по УГЭC
17.12.2014 8:32:39> Начало загрузки данных по ЦЭС
17.12.2014 8:32:39> ОШИБКА! ТМ-сервер TM-UGES01\TMS не подключен
17.12.2014 8:32:39> ОШИБКА! ТМ-сервер TM-CES01\TMS не подключен
17.12.2014 8:32:39> Загрузка завершена
17.12.2014 8:32:39> Таймер установлен на 13.12.2014 10:40:00
17.12.2014 10:39:55> Таймер сработал
17.12.2014 10:39:57> Соединение с SQL-сервером установлено
17.12.2014 10:39:57> Начало загрузки данных по УГЭC
17.12.2014 10:39:57> Начало загрузки данных по ЦЭС
17.12.2014 10:39:58> ОШИБКА! ТМ-сервер TM-UGES01\TMS не подключен
17.12.2014 10:39:58> ОШИБКА! ТМ-сервер TM-CES01\TMS не подключен
17.12.2014 10:39:58> Загрузка завершена
17.12.2014 10:39:58> Таймер установлен на 13.12.2014 14:40:00
17.12.2014 14:39:55> Таймер сработал
17.12.2014 14:39:57> Соединение с SQL-сервером установлено
17.12.2014 14:39:58> Начало загрузки данных по УГЭC
17.12.2014 14:39:58> Начало загрузки данных по ЦЭС
17.12.2014 14:39:58> ОШИБКА! ТМ-сервер TM-UGES01\TMS не подключен
17.12.2014 14:39:58> ОШИБКА! ТМ-сервер TM-CES01\TMS не подключен
17.12.2014 14:39:58> Загрузка завершена
17.12.2014 14:39:58> Таймер установлен на 13.12.2014 18:40:00
18.12.2014 8:31:13> Таймер сработал
18.12.2014 8:31:52> Соединение с SQL-сервером установлено
18.12.2014 8:32:20> Начало загрузки данных по УГЭC
18.12.2014 8:32:20> Начало загрузки данных по ЦЭС
18.12.2014 8:32:22> ОШИБКА! ТМ-сервер TM-UGES01\TMS не подключен
18.12.2014 8:32:22> ОШИБКА! ТМ-сервер TM-CES01\TMS не подключен
18.12.2014 8:32:22> Загрузка завершена
18.12.2014 8:32:22> Таймер установлен на 13.12.2014 22:40:00
18.12.2014 10:39:55> Таймер сработал
18.12.2014 10:39:56> Соединение с SQL-сервером установлено
18.12.2014 10:39:56> Начало загрузки данных по УГЭC
18.12.2014 10:39:56> Начало загрузки данных по ЦЭС
18.12.2014 10:39:56> ОШИБКА! ТМ-сервер TM-UGES01\TMS не подключен
18.12.2014 10:39:56> ОШИБКА! ТМ-сервер TM-CES01\TMS не подключен
18.12.2014 10:39:56> Загрузка завершена
18.12.2014 10:39:56> Таймер установлен на 14.12.2014 2:40:00
18.12.2014 14:39:54> Таймер сработал
18.12.2014 14:39:55> Соединение с SQL-сервером установлено
18.12.2014 14:39:56> Начало загрузки данных по УГЭC
18.12.2014 14:39:56> Начало загрузки данных по ЦЭС
18.12.2014 14:39:56> ОШИБКА! ТМ-сервер TM-UGES01\TMS не подключен
18.12.2014 14:39:56> ОШИБКА! ТМ-сервер TM-CES01\TMS не подключен
18.12.2014 14:39:56> Загрузка завершена
18.12.2014 14:39:56> Таймер установлен на 14.12.2014 6:40:00
19.12.2014 8:26:19> Таймер сработал
19.12.2014 8:27:20> Соединение с SQL-сервером установлено
19.12.2014 8:27:41> Начало загрузки данных по УГЭC
19.12.2014 8:27:42> Начало загрузки данных по ЦЭС
19.12.2014 8:27:42> ОШИБКА! ТМ-сервер TM-UGES01\TMS не подключен
19.12.2014 8:27:42> ОШИБКА! ТМ-сервер TM-CES01\TMS не подключен
19.12.2014 8:27:42> Загрузка завершена
19.12.2014 8:27:42> Таймер установлен на 14.12.2014 10:40:00
19.12.2014 10:39:54> Таймер сработал
19.12.2014 10:39:54> Соединение с SQL-сервером установлено
19.12.2014 10:39:54> Начало загрузки данных по УГЭC
19.12.2014 10:39:54> Начало загрузки данных по ЦЭС
19.12.2014 10:39:54> ОШИБКА! ТМ-сервер TM-UGES01\TMS не подключен
19.12.2014 10:39:54> ОШИБКА! ТМ-сервер TM-CES01\TMS не подключен
19.12.2014 10:39:55> Загрузка завершена
19.12.2014 10:39:55> Таймер установлен на 14.12.2014 14:40:00
19.12.2014 14:39:54> Таймер сработал
19.12.2014 14:39:55> Соединение с SQL-сервером установлено
19.12.2014 14:39:55> Начало загрузки данных по УГЭC
19.12.2014 14:39:55> Начало загрузки данных по ЦЭС
19.12.2014 14:39:55> ОШИБКА! ТМ-сервер TM-UGES01\TMS не подключен
19.12.2014 14:39:55> ОШИБКА! ТМ-сервер TM-CES01\TMS не подключен
19.12.2014 14:39:55> Загрузка завершена
19.12.2014 14:39:55> Таймер установлен на 14.12.2014 18:40:00
22.12.2014 8:33:34> Таймер сработал
22.12.2014 8:33:47> Соединение с SQL-сервером установлено
22.12.2014 8:33:48> Начало загрузки данных по УГЭC
22.12.2014 8:33:48> Начало загрузки данных по ЦЭС
22.12.2014 8:33:49> ОШИБКА! ТМ-сервер TM-UGES01\TMS не подключен
22.12.2014 8:33:49> ОШИБКА! ТМ-сервер TM-CES01\TMS не подключен
22.12.2014 8:33:49> Загрузка завершена
22.12.2014 8:33:49> Таймер установлен на 14.12.2014 22:40:00
22.12.2014 10:39:52> Таймер сработал
22.12.2014 10:39:52> Соединение с SQL-сервером установлено
22.12.2014 10:39:52> Начало загрузки данных по УГЭC
22.12.2014 10:39:52> Начало загрузки данных по ЦЭС
22.12.2014 10:39:52> ОШИБКА! ТМ-сервер TM-UGES01\TMS не подключен
22.12.2014 10:39:52> ОШИБКА! ТМ-сервер TM-CES01\TMS не подключен
22.12.2014 10:39:52> Загрузка завершена
22.12.2014 10:39:52> Таймер установлен на 15.12.2014 2:40:00
22.12.2014 14:39:51> Таймер сработал
22.12.2014 14:39:52> Соединение с SQL-сервером установлено
22.12.2014 14:39:52> Начало загрузки данных по УГЭC
22.12.2014 14:39:52> Начало загрузки данных по ЦЭС
22.12.2014 14:39:52> ОШИБКА! ТМ-сервер TM-UGES01\TMS не подключен
22.12.2014 14:39:52> ОШИБКА! ТМ-сервер TM-CES01\TMS не подключен
22.12.2014 14:39:53> Загрузка завершена
22.12.2014 14:39:53> Таймер установлен на 15.12.2014 6:40:00
23.12.2014 8:18:29> Таймер сработал
23.12.2014 8:19:11> Соединение с SQL-сервером установлено
23.12.2014 8:19:23> Начало загрузки данных по УГЭC
23.12.2014 8:19:23> Начало загрузки данных по ЦЭС
23.12.2014 8:19:24> ОШИБКА! ТМ-сервер TM-UGES01\TMS не подключен
23.12.2014 8:19:24> ОШИБКА! ТМ-сервер TM-CES01\TMS не подключен
23.12.2014 8:19:24> Загрузка завершена
23.12.2014 8:19:24> Таймер установлен на 15.12.2014 10:40:00
23.12.2014 10:39:50> Таймер сработал
23.12.2014 10:39:52> Соединение с SQL-сервером установлено
23.12.2014 10:39:53> Начало загрузки данных по УГЭC
23.12.2014 10:39:53> Начало загрузки данных по ЦЭС
23.12.2014 10:39:53> ОШИБКА! ТМ-сервер TM-UGES01\TMS не подключен
23.12.2014 10:39:53> ОШИБКА! ТМ-сервер TM-CES01\TMS не подключен
23.12.2014 10:39:53> Загрузка завершена
23.12.2014 10:39:53> Таймер установлен на 15.12.2014 14:40:00
23.12.2014 14:39:50> Таймер сработал
23.12.2014 14:39:52> Соединение с SQL-сервером установлено
23.12.2014 14:39:53> Начало загрузки данных по УГЭC
23.12.2014 14:39:53> Начало загрузки данных по ЦЭС
23.12.2014 14:39:53> ОШИБКА! ТМ-сервер TM-UGES01\TMS не подключен
23.12.2014 14:39:53> ОШИБКА! ТМ-сервер TM-CES01\TMS не подключен
23.12.2014 14:39:53> Загрузка завершена
23.12.2014 14:39:53> Таймер установлен на 15.12.2014 18:40:00
24.12.2014 8:21:36> Таймер сработал
24.12.2014 8:22:27> Соединение с SQL-сервером установлено
24.12.2014 8:22:40> Начало загрузки данных по УГЭC
24.12.2014 8:22:40> Начало загрузки данных по ЦЭС
24.12.2014 8:22:42> ОШИБКА! ТМ-сервер TM-UGES01\TMS не подключен
24.12.2014 8:22:42> ОШИБКА! ТМ-сервер TM-CES01\TMS не подключен
24.12.2014 8:22:42> Загрузка завершена
24.12.2014 8:22:42> Таймер установлен на 15.12.2014 22:40:00
24.12.2014 10:39:49> Таймер сработал
24.12.2014 10:39:51> Соединение с SQL-сервером установлено
24.12.2014 10:39:52> Начало загрузки данных по УГЭC
24.12.2014 10:39:52> Начало загрузки данных по ЦЭС
24.12.2014 10:39:52> ОШИБКА! ТМ-сервер TM-UGES01\TMS не подключен
24.12.2014 10:39:52> ОШИБКА! ТМ-сервер TM-CES01\TMS не подключен
24.12.2014 10:39:52> Загрузка завершена
24.12.2014 10:39:52> Таймер установлен на 16.12.2014 2:40:00
24.12.2014 12:05:43> Старт сервиса
24.12.2014 12:05:43> Таймер установлен на 24.12.2014 12:07:00
24.12.2014 12:07:00> Таймер сработал
24.12.2014 12:07:00> Соединение с SQL-сервером установлено
24.12.2014 12:07:01> Начало загрузки данных по УГЭC
24.12.2014 12:07:01> Начало загрузки данных по ЦЭС
24.12.2014 12:07:01> ТМ-сервер TM-UGES01\TMS подключен
24.12.2014 12:23:35> ТМ-сервер TM-UGES01\TMS отсоединен
24.12.2014 12:23:35> ТМ-сервер TM-CES01\TMS подключен
24.12.2014 12:48:28> ТМ-сервер TM-CES01\TMS отсоединен
24.12.2014 12:48:28> Загрузка завершена
24.12.2014 12:48:28> Таймер установлен на 24.12.2014 16:07:00
24.12.2014 16:07:00> Таймер сработал
24.12.2014 16:07:02> Соединение с SQL-сервером установлено
24.12.2014 16:07:04> Начало загрузки данных по УГЭC
24.12.2014 16:07:04> Начало загрузки данных по ЦЭС
24.12.2014 16:07:04> ТМ-сервер TM-UGES01\TMS подключен
24.12.2014 16:35:20> ТМ-сервер TM-UGES01\TMS отсоединен
24.12.2014 16:35:21> ТМ-сервер TM-CES01\TMS подключен
25.12.2014 8:48:04> ТМ-сервер TM-CES01\TMS отсоединен
25.12.2014 8:48:05> Загрузка завершена
25.12.2014 8:48:05> Таймер установлен на 24.12.2014 20:07:00
25.12.2014 8:48:05> Таймер сработал
25.12.2014 8:48:05> Соединение с SQL-сервером установлено
25.12.2014 8:48:05> Начало загрузки данных по УГЭC
25.12.2014 8:48:05> Начало загрузки данных по ЦЭС
25.12.2014 8:48:05> ТМ-сервер TM-UGES01\TMS подключен
25.12.2014 9:17:23> ТМ-сервер TM-UGES01\TMS отсоединен
25.12.2014 9:17:23> ТМ-сервер TM-CES01\TMS подключен
25.12.2014 10:00:41> ТМ-сервер TM-CES01\TMS отсоединен
25.12.2014 10:00:41> Загрузка завершена
25.12.2014 10:00:41> Таймер установлен на 25.12.2014 0:07:00
25.12.2014 12:06:59> Таймер сработал
25.12.2014 12:07:00> Соединение с SQL-сервером установлено
25.12.2014 12:07:00> Начало загрузки данных по УГЭC
25.12.2014 12:07:00> Начало загрузки данных по ЦЭС
25.12.2014 12:07:00> ТМ-сервер TM-UGES01\TMS подключен
25.12.2014 12:37:53> ТМ-сервер TM-UGES01\TMS отсоединен
25.12.2014 12:37:53> ТМ-сервер TM-CES01\TMS подключен
25.12.2014 12:41:22> Загрузка завершена
25.12.2014 12:41:22> Таймер установлен на 25.12.2014 4:07:00
25.12.2014 12:43:13> Старт сервиса
25.12.2014 12:43:13> Таймер установлен на 25.12.2014 12:45:00
25.12.2014 12:45:00> Таймер сработал
25.12.2014 12:45:00> Соединение с SQL-сервером установлено
25.12.2014 12:45:00> Начало загрузки данных по УГЭC
25.12.2014 12:45:01> Начало загрузки данных по ЦЭС
25.12.2014 12:45:01> ТМ-сервер TM-UGES01\TMS подключен
25.12.2014 12:59:38> ТМ-сервер TM-UGES01\TMS отсоединен
25.12.2014 12:59:38> ТМ-сервер TM-CES01\TMS подключен
25.12.2014 13:37:55> ТМ-сервер TM-CES01\TMS отсоединен
25.12.2014 13:37:55> Загрузка завершена
25.12.2014 13:37:55> Таймер установлен на 25.12.2014 16:45:00
25.12.2014 16:45:00> Таймер сработал
25.12.2014 16:45:00> Соединение с SQL-сервером установлено
25.12.2014 16:45:00> Начало загрузки данных по УГЭC
25.12.2014 16:45:00> Начало загрузки данных по ЦЭС
25.12.2014 16:45:00> ТМ-сервер TM-UGES01\TMS подключен
26.12.2014 8:32:50> Старт сервиса
26.12.2014 8:32:50> Таймер установлен на 26.12.2014 8:34:00
26.12.2014 8:33:59> Таймер сработал
26.12.2014 8:34:17> Соединение с SQL-сервером установлено
26.12.2014 8:34:22> Начало загрузки данных по УГЭC
26.12.2014 8:34:22> Начало загрузки данных по ЦЭС
26.12.2014 8:34:22> ТМ-сервер TM-UGES01\TMS подключен
26.12.2014 8:50:53> ТМ-сервер TM-UGES01\TMS отсоединен
26.12.2014 8:50:53> ТМ-сервер TM-CES01\TMS подключен
26.12.2014 9:35:56> ТМ-сервер TM-CES01\TMS отсоединен
26.12.2014 9:35:56> Загрузка завершена
26.12.2014 9:35:56> Таймер установлен на 26.12.2014 12:34:00
26.12.2014 12:33:58> Таймер сработал
26.12.2014 12:33:59> Соединение с SQL-сервером установлено
26.12.2014 12:33:59> Начало загрузки данных по УГЭC
26.12.2014 12:33:59> Начало загрузки данных по ЦЭС
26.12.2014 12:33:59> ТМ-сервер TM-UGES01\TMS подключен
26.12.2014 12:54:25> ТМ-сервер TM-UGES01\TMS отсоединен
26.12.2014 12:54:25> ТМ-сервер TM-CES01\TMS подключен
26.12.2014 13:40:52> ТМ-сервер TM-CES01\TMS отсоединен
26.12.2014 13:40:52> Загрузка завершена
26.12.2014 13:40:52> Таймер установлен на 26.12.2014 16:34:00
26.12.2014 16:33:58> Таймер сработал
26.12.2014 16:33:59> Соединение с SQL-сервером установлено
26.12.2014 16:33:59> Начало загрузки данных по УГЭC
26.12.2014 16:33:59> Начало загрузки данных по ЦЭС
26.12.2014 16:34:00> ТМ-сервер TM-UGES01\TMS подключен
26.12.2014 16:52:32> ТМ-сервер TM-UGES01\TMS отсоединен
26.12.2014 16:52:32> ТМ-сервер TM-CES01\TMS подключен
30.12.2014 8:16:28> ТМ-сервер TM-CES01\TMS отсоединен
30.12.2014 8:16:29> Загрузка завершена
30.12.2014 8:16:29> Таймер установлен на 26.12.2014 20:34:00
30.12.2014 8:16:29> Таймер сработал
30.12.2014 8:16:30> Соединение с SQL-сервером установлено
30.12.2014 8:16:30> Начало загрузки данных по УГЭC
30.12.2014 8:16:30> Начало загрузки данных по ЦЭС
30.12.2014 8:16:34> ТМ-сервер TM-UGES01\TMS подключен
30.12.2014 8:42:17> ТМ-сервер TM-UGES01\TMS отсоединен
30.12.2014 8:42:17> ТМ-сервер TM-CES01\TMS подключен
30.12.2014 9:18:57> ТМ-сервер TM-CES01\TMS отсоединен
30.12.2014 9:18:58> Загрузка завершена
30.12.2014 9:18:58> Таймер установлен на 27.12.2014 0:34:00
30.12.2014 9:18:58> Таймер сработал
30.12.2014 9:18:58> Соединение с SQL-сервером установлено
30.12.2014 9:18:58> Начало загрузки данных по УГЭC
30.12.2014 9:18:58> Начало загрузки данных по ЦЭС
30.12.2014 9:18:58> ТМ-сервер TM-UGES01\TMS подключен
30.12.2014 9:47:27> ТМ-сервер TM-UGES01\TMS отсоединен
30.12.2014 9:47:27> ТМ-сервер TM-CES01\TMS подключен
30.12.2014 10:29:10> ТМ-сервер TM-CES01\TMS отсоединен
30.12.2014 10:29:10> Загрузка завершена
30.12.2014 10:29:10> Таймер установлен на 27.12.2014 4:34:00
30.12.2014 12:33:57> Таймер сработал
30.12.2014 12:33:57> Соединение с SQL-сервером установлено
30.12.2014 12:33:57> Начало загрузки данных по УГЭC
30.12.2014 12:33:57> Начало загрузки данных по ЦЭС
30.12.2014 12:33:57> ТМ-сервер TM-UGES01\TMS подключен
30.12.2014 13:04:10> ТМ-сервер TM-UGES01\TMS отсоединен
30.12.2014 13:04:10> ТМ-сервер TM-CES01\TMS подключен
30.12.2014 13:49:53> ТМ-сервер TM-CES01\TMS отсоединен
30.12.2014 13:49:53> Загрузка завершена
30.12.2014 13:49:53> Таймер установлен на 27.12.2014 8:34:00
30.12.2014 16:33:57> Таймер сработал
30.12.2014 16:33:58> Соединение с SQL-сервером установлено
30.12.2014 16:33:58> Начало загрузки данных по УГЭC
30.12.2014 16:33:58> Начало загрузки данных по ЦЭС
30.12.2014 16:33:58> ТМ-сервер TM-UGES01\TMS подключен
30.12.2014 17:02:03> ТМ-сервер TM-UGES01\TMS отсоединен
30.12.2014 17:02:03> ТМ-сервер TM-CES01\TMS подключен
31.12.2014 8:25:08> ТМ-сервер TM-CES01\TMS отсоединен
31.12.2014 8:25:08> Загрузка завершена
31.12.2014 8:25:08> Таймер установлен на 27.12.2014 12:34:00
31.12.2014 8:25:08> Таймер сработал
31.12.2014 8:25:12> Соединение с SQL-сервером установлено
31.12.2014 8:25:12> Начало загрузки данных по УГЭC
31.12.2014 8:25:12> Начало загрузки данных по ЦЭС
31.12.2014 8:25:12> ОШИБКА! ТМ-сервер TM-UGES01\TMS не подключен
31.12.2014 8:25:12> ОШИБКА! ТМ-сервер TM-CES01\TMS не подключен
31.12.2014 8:25:12> Загрузка завершена
31.12.2014 8:25:12> Таймер установлен на 27.12.2014 16:34:00
31.12.2014 8:33:57> Таймер сработал
31.12.2014 8:33:57> Соединение с SQL-сервером установлено
31.12.2014 8:33:57> Начало загрузки данных по УГЭC
31.12.2014 8:33:57> Начало загрузки данных по ЦЭС
31.12.2014 8:33:57> ТМ-сервер TM-UGES01\TMS подключен
31.12.2014 9:01:13> ТМ-сервер TM-UGES01\TMS отсоединен
31.12.2014 9:01:14> ТМ-сервер TM-CES01\TMS подключен
31.12.2014 9:20:22> ТМ-сервер TM-CES01\TMS отсоединен
31.12.2014 9:20:22> Загрузка завершена
31.12.2014 9:20:22> Таймер установлен на 27.12.2014 20:34:00
31.12.2014 12:33:57> Таймер сработал
31.12.2014 12:33:58> Соединение с SQL-сервером установлено
31.12.2014 12:33:58> Начало загрузки данных по УГЭC
31.12.2014 12:33:58> Начало загрузки данных по ЦЭС
31.12.2014 12:33:58> ТМ-сервер TM-UGES01\TMS подключен
31.12.2014 12:56:31> ТМ-сервер TM-UGES01\TMS отсоединен
31.12.2014 12:56:31> ТМ-сервер TM-CES01\TMS подключен
31.12.2014 13:02:27> Загрузка завершена
31.12.2014 13:02:27> Таймер установлен на 28.12.2014 0:34:00
12.01.2015 8:11:38> Старт сервиса
12.01.2015 8:11:38> Таймер установлен на 12.01.2015 8:13:00
12.01.2015 8:12:59> Таймер сработал
12.01.2015 8:13:41> Соединение с SQL-сервером установлено
12.01.2015 8:13:49> Начало загрузки данных по УГЭC
12.01.2015 8:13:49> Начало загрузки данных по ЦЭС
12.01.2015 8:13:49> ТМ-сервер TM-UGES01\TMS подключен
12.01.2015 8:22:55> ТМ-сервер TM-UGES01\TMS отсоединен
12.01.2015 8:22:55> ТМ-сервер TM-CES01\TMS подключен
12.01.2015 8:44:22> ТМ-сервер TM-CES01\TMS отсоединен
12.01.2015 8:44:22> Загрузка завершена
12.01.2015 8:44:22> Таймер установлен на 12.01.2015 12:13:00
12.01.2015 12:12:57> Таймер сработал
12.01.2015 12:13:01> Соединение с SQL-сервером установлено
12.01.2015 12:13:02> Начало загрузки данных по УГЭC
12.01.2015 12:13:02> Начало загрузки данных по ЦЭС
12.01.2015 12:13:02> ТМ-сервер TM-UGES01\TMS подключен
12.01.2015 12:21:50> ТМ-сервер TM-UGES01\TMS отсоединен
12.01.2015 12:21:50> ТМ-сервер TM-CES01\TMS подключен
12.01.2015 12:46:15> ТМ-сервер TM-CES01\TMS отсоединен
12.01.2015 12:46:16> Загрузка завершена
12.01.2015 12:46:16> Таймер установлен на 12.01.2015 16:13:00
12.01.2015 16:12:56> Таймер сработал
12.01.2015 16:12:57> Соединение с SQL-сервером установлено
12.01.2015 16:12:57> Начало загрузки данных по УГЭC
12.01.2015 16:12:57> Начало загрузки данных по ЦЭС
12.01.2015 16:12:57> ТМ-сервер TM-UGES01\TMS подключен
12.01.2015 16:24:26> ТМ-сервер TM-UGES01\TMS отсоединен
12.01.2015 16:24:26> ТМ-сервер TM-CES01\TMS подключен
12.01.2015 17:09:09> ТМ-сервер TM-CES01\TMS отсоединен
12.01.2015 17:09:09> Загрузка завершена
12.01.2015 17:09:09> Таймер установлен на 12.01.2015 20:13:00
13.01.2015 8:57:21> Таймер сработал
13.01.2015 8:57:26> Загрузка завершена
13.01.2015 8:57:29> Таймер установлен на 13.01.2015 0:13:00
16.01.2015 11:29:52> Старт сервиса
16.01.2015 11:29:52> Таймер установлен на 16.01.2015 11:31:00
16.01.2015 11:30:59> Таймер сработал
16.01.2015 11:31:20> Соединение с SQL-сервером установлено
16.01.2015 11:31:33> Начало загрузки данных по УГЭC
16.01.2015 11:31:33> Начало загрузки данных по ЦЭС
16.01.2015 11:31:33> ТМ-сервер TM-UGES01\TMS подключен
16.01.2015 11:48:56> ТМ-сервер TM-UGES01\TMS отсоединен
16.01.2015 11:48:56> ТМ-сервер TM-CES01\TMS подключен
16.01.2015 12:27:48> ТМ-сервер TM-CES01\TMS отсоединен
16.01.2015 12:27:49> Загрузка завершена
16.01.2015 12:27:49> Таймер установлен на 16.01.2015 15:31:00
16.01.2015 15:30:59> Таймер сработал
16.01.2015 15:31:00> Соединение с SQL-сервером установлено
16.01.2015 15:31:01> Начало загрузки данных по УГЭC
16.01.2015 15:31:01> Начало загрузки данных по ЦЭС
16.01.2015 15:31:01> ТМ-сервер TM-UGES01\TMS подключен
16.01.2015 15:48:09> ТМ-сервер TM-UGES01\TMS отсоединен
16.01.2015 15:48:09> ТМ-сервер TM-CES01\TMS подключен
16.01.2015 16:28:35> ТМ-сервер TM-CES01\TMS отсоединен
16.01.2015 16:28:35> Загрузка завершена
16.01.2015 16:28:35> Таймер установлен на 16.01.2015 19:31:00
19.01.2015 8:54:58> Таймер сработал
19.01.2015 8:55:09> Загрузка завершена
19.01.2015 8:55:10> Таймер установлен на 16.01.2015 23:31:00
03.02.2015 15:16:53> Старт сервиса
03.02.2015 15:16:53> Таймер установлен на 03.02.2015 15:18:00
03.02.2015 15:18:00> Таймер сработал
03.02.2015 15:18:11> Соединение с SQL-сервером установлено
03.02.2015 15:18:13> Начало загрузки данных по УГЭC
03.02.2015 15:18:13> Начало загрузки данных по ЦЭС
03.02.2015 15:18:13> ТМ-сервер TM-UGES01\TMS подключен
03.02.2015 15:34:48> ТМ-сервер TM-UGES01\TMS отсоединен
03.02.2015 15:34:48> ТМ-сервер TM-CES01\TMS подключен
03.02.2015 16:12:51> ТМ-сервер TM-CES01\TMS отсоединен
03.02.2015 16:12:51> Загрузка завершена
03.02.2015 16:12:51> Таймер установлен на 03.02.2015 19:18:00
04.02.2015 8:24:12> Таймер сработал
04.02.2015 8:24:24> Соединение с SQL-сервером установлено
04.02.2015 8:24:26> Начало загрузки данных по УГЭC
04.02.2015 8:24:26> Начало загрузки данных по ЦЭС
04.02.2015 8:24:27> ТМ-сервер TM-UGES01\TMS подключен
04.02.2015 8:43:41> ТМ-сервер TM-UGES01\TMS отсоединен
04.02.2015 8:43:41> ТМ-сервер TM-CES01\TMS подключен
04.02.2015 9:33:46> ТМ-сервер TM-CES01\TMS отсоединен
04.02.2015 9:33:46> Загрузка завершена
04.02.2015 9:33:46> Таймер установлен на 03.02.2015 23:18:00
04.02.2015 11:18:01> Таймер сработал
04.02.2015 11:18:02> Соединение с SQL-сервером установлено
04.02.2015 11:18:02> Начало загрузки данных по УГЭC
04.02.2015 11:18:02> Начало загрузки данных по ЦЭС
04.02.2015 11:18:02> ТМ-сервер TM-UGES01\TMS подключен
04.02.2015 11:23:46> Стоп сервиса
